Conectividad/app/build/intermediates/manifest_merge_blame_file/debug/manifest-merger-blame-debug-report.txt
1<?xml version="1.0" encoding="utf-8"?>
2<manifest xmlns:android="http://schemas.android.com/apk/res/android"
3    package="com.example.conectividad"
4    android:versionCode="1"
5    android:versionName="1.0" >
6
7    <uses-sdk
8        android:minSdkVersion="16"
8-->src/main/AndroidManifest.xml
9        android:targetSdkVersion="30" />
9-->src/main/AndroidManifest.xml
10    <!-- agregamos permisos -->
11    <uses-permission
11-->src/main/AndroidManifest.xml:5:5-7:65
12        android:name="android.permission.ACCESS_FINE_LOCATION"
12-->src/main/AndroidManifest.xml:7:9-63
13        android:required="true" />
13-->src/main/AndroidManifest.xml:6:9-32
14    <uses-permission
14-->src/main/AndroidManifest.xml:8:5-10:62
15        android:name="android.permission.ACCESS_WIFI_STATE"
15-->src/main/AndroidManifest.xml:10:9-60
16        android:required="true" />
16-->src/main/AndroidManifest.xml:9:9-32
17    <uses-permission
17-->src/main/AndroidManifest.xml:11:5-13:62
18        android:name="android.permission.CHANGE_WIFI_STATE"
18-->src/main/AndroidManifest.xml:13:9-60
19        android:required="true" />
19-->src/main/AndroidManifest.xml:12:9-32
20    <uses-permission
20-->src/main/AndroidManifest.xml:14:5-16:53
21        android:name="android.permission.INTERNET"
21-->src/main/AndroidManifest.xml:16:9-51
22        android:required="true" />
22-->src/main/AndroidManifest.xml:15:9-32
23
24    <application
24-->src/main/AndroidManifest.xml:18:5-32:19
25        android:allowBackup="true"
25-->src/main/AndroidManifest.xml:19:9-35
26        android:appComponentFactory="androidx.core.app.CoreComponentFactory"
26-->[androidx.core:core:1.3.1] AndroidManifest.xml:24:18-86
27        android:debuggable="true"
28        android:icon="@mipmap/ic_launcher"
28-->src/main/AndroidManifest.xml:20:9-43
29        android:label="@string/app_name"
29-->src/main/AndroidManifest.xml:21:9-41
30        android:roundIcon="@mipmap/ic_launcher_round"
30-->src/main/AndroidManifest.xml:22:9-54
31        android:supportsRtl="true"
31-->src/main/AndroidManifest.xml:23:9-35
32        android:testOnly="true"
33        android:theme="@style/Theme.Conectividad" >
33-->src/main/AndroidManifest.xml:24:9-50
34        <activity android:name="com.example.conectividad.MainActivity" >
34-->src/main/AndroidManifest.xml:25:9-31:20
34-->src/main/AndroidManifest.xml:25:19-47
35            <intent-filter>
35-->src/main/AndroidManifest.xml:26:13-30:29
36                <action android:name="android.intent.action.MAIN" />
36-->src/main/AndroidManifest.xml:27:17-69
36-->src/main/AndroidManifest.xml:27:25-66
37
38                <category android:name="android.intent.category.LAUNCHER" />
38-->src/main/AndroidManifest.xml:29:17-77
38-->src/main/AndroidManifest.xml:29:27-74
39            </intent-filter>
40        </activity>
41    </application>
42
43</manifest>